<?xml version="1.0" encoding="UTF-8"?>
<!-- Generated by org.testng.reporters.JUnitReportReporter -->
<testsuite hostname="LAPTOP-TQC78CC8" failures="0" tests="3" name="com.Boodmo.Web.Test.ProductTest" time="26.322" errors="0" timestamp="2022-07-04T13:52:16 IST" skipped="0">
  <testcase classname="com.Boodmo.Web.Test.ProductTest" name="testLogin" time="20.190"/>
  <system-out/>
  <testcase classname="com.Boodmo.Web.Test.ProductTest" name="testProduct" time="3.053"/>
  <system-out/>
  <testcase classname="com.Boodmo.Web.Test.ProductTest" name="testPayment" time="3.079"/>
  <system-out/>
</testsuite> <!-- com.Boodmo.Web.Test.ProductTest -->
